<?xml version="1.0" encoding="UTF-8"?>
<testsuite xmlns:xsi="http://www.w3.org/2001/XMLSchema-instance" xsi:noNamespaceSchemaLocation="https://maven.apache.org/surefire/maven-surefire-plugin/xsd/surefire-test-report-3.0.xsd" version="3.0" name="runner.RunCucumberTest" time="52.991" tests="4" errors="0" skipped="0" failures="0">
  <properties>
[...]
</properties>
  <testcase name="Login with different credentials #1" classname="Login feature" time="13.666">
    <system-out><![CDATA[
@login
Scenario Outline: Login with different credentials                &amp#27;[90m# src/test/resources/login.feature:12&amp#27;[0m
  &amp#27;[32mGiven &amp#27;[0m&amp#27;[32mI open the login page&amp#27;[0m                                     &amp#27;[90m# stepdefinition.LoginStep.i_open_the_login_page()&amp#27;[0m
  &amp#27;[32mWhen &amp#27;[0m&amp#27;[32mI enter username as &amp#27;[0m&amp#27;[32m&amp#27;[1m"mayusri"&amp#27;[0m&amp#27;[32m and password as &amp#27;[0m&amp#27;[32m&amp#27;[1m"mayusri*1A"&amp#27;[0m &amp#27;[90m# stepdefinition.LoginStep.i_enter_username_as_and_password_as(java.lang.String,java.lang.String)&amp#27;[0m
  &amp#27;[32mAnd &amp#27;[0m&amp#27;[32mI click the login button&amp#27;[0m                                    &amp#27;[90m# stepdefinition.LoginStep.i_click_the_login_button()&amp#27;[0m
  &amp#27;[32mThen &amp#27;[0m&amp#27;[32mI should see the Login successful. message&amp#27;[0m                 &amp#27;[90m# stepdefinition.LoginStep.i_should_see_the_login_successful_message()&amp#27;[0m

    Embedding Screenshot [image/png 10819 bytes]

]]></system-out>
    <system-err><![CDATA[Sept 11, 2023 9:55:22 PM io.cucumber.core.options.CucumberPropertiesParser lambda$warnWhenCucumberOptionsIsUsed$2
WARNING: Passing commandline options via the property 'cucumber.options' is no longer supported. Please use individual properties instead. See the java doc on io.cucumber.core.options.Constants for details.
SLF4J: No SLF4J providers were found.
SLF4J: Defaulting to no-operation (NOP) logger implementation
SLF4J: See https://www.slf4j.org/codes.html#noProviders for further details.
Starting ChromeDriver 116.0.5845.96 (1a391816688002153ef791ffe60d9e899a71a037-refs/branch-heads/5845@{#1382}) on port 13772
Only local connections are allowed.
Please see https://chromedriver.chromium.org/security-considerations for suggestions on keeping ChromeDriver safe.
ChromeDriver was started successfully.
Sept 11, 2023 9:55:25 PM org.openqa.selenium.remote.ProtocolHandshake createSession
INFO: Detected dialect: W3C
]]></system-err>
  </testcase>
  <testcase name="Login with different credentials #2" classname="Login feature" time="12.067">
    <system-out><![CDATA[
@login
Scenario Outline: Login with different credentials                 &amp#27;[90m# src/test/resources/login.feature:13&amp#27;[0m
  &amp#27;[32mGiven &amp#27;[0m&amp#27;[32mI open the login page&amp#27;[0m                                      &amp#27;[90m# stepdefinition.LoginStep.i_open_the_login_page()&amp#27;[0m
  &amp#27;[32mWhen &amp#27;[0m&amp#27;[32mI enter username as &amp#27;[0m&amp#27;[32m&amp#27;[1m"mayursri"&amp#27;[0m&amp#27;[32m and password as &amp#27;[0m&amp#27;[32m&amp#27;[1m"mayusri*1A"&amp#27;[0m &amp#27;[90m# stepdefinition.LoginStep.i_enter_username_as_and_password_as(java.lang.String,java.lang.String)&amp#27;[0m
  &amp#27;[32mAnd &amp#27;[0m&amp#27;[32mI click the login button&amp#27;[0m                                     &amp#27;[90m# stepdefinition.LoginStep.i_click_the_login_button()&amp#27;[0m
  &amp#27;[32mThen &amp#27;[0m&amp#27;[32mI should see the Invalid username or password. message&amp#27;[0m      &amp#27;[90m# stepdefinition.LoginStep.i_should_see_the_invalid_username_or_password_message()&amp#27;[0m

    Embedding Screenshot [image/png 12533 bytes]

]]></system-out>
    <system-err><![CDATA[Starting ChromeDriver 116.0.5845.96 (1a391816688002153ef791ffe60d9e899a71a037-refs/branch-heads/5845@{#1382}) on port 6454
Only local connections are allowed.
Please see https://chromedriver.chromium.org/security-considerations for suggestions on keeping ChromeDriver safe.
ChromeDriver was started successfully.
Sept 11, 2023 9:55:38 PM org.openqa.selenium.remote.ProtocolHandshake createSession
INFO: Detected dialect: W3C
]]></system-err>
  </testcase>
  <testcase name="Login with different credentials #3" classname="Login feature" time="12.178">
    <system-out><![CDATA[
@login
Scenario Outline: Login with different credentials            &amp#27;[90m# src/test/resources/login.feature:14&amp#27;[0m
  &amp#27;[32mGiven &amp#27;[0m&amp#27;[32mI open the login page&amp#27;[0m                                 &amp#27;[90m# stepdefinition.LoginStep.i_open_the_login_page()&amp#27;[0m
  &amp#27;[32mWhen &amp#27;[0m&amp#27;[32mI enter username as &amp#27;[0m&amp#27;[32m&amp#27;[1m"anyone"&amp#27;[0m&amp#27;[32m and password as &amp#27;[0m&amp#27;[32m&amp#27;[1m"welcome"&amp#27;[0m &amp#27;[90m# stepdefinition.LoginStep.i_enter_username_as_and_password_as(java.lang.String,java.lang.String)&amp#27;[0m
  &amp#27;[32mAnd &amp#27;[0m&amp#27;[32mI click the login button&amp#27;[0m                                &amp#27;[90m# stepdefinition.LoginStep.i_click_the_login_button()&amp#27;[0m
  &amp#27;[32mThen &amp#27;[0m&amp#27;[32mI should see the Invalid username or password. message&amp#27;[0m &amp#27;[90m# stepdefinition.LoginStep.i_should_see_the_invalid_username_or_password_message()&amp#27;[0m

    Embedding Screenshot [image/png 12533 bytes]

]]></system-out>
    <system-err><![CDATA[Starting ChromeDriver 116.0.5845.96 (1a391816688002153ef791ffe60d9e899a71a037-refs/branch-heads/5845@{#1382}) on port 7298
Only local connections are allowed.
Please see https://chromedriver.chromium.org/security-considerations for suggestions on keeping ChromeDriver safe.
ChromeDriver was started successfully.
Sept 11, 2023 9:55:50 PM org.openqa.selenium.remote.ProtocolHandshake createSession
INFO: Detected dialect: W3C
]]></system-err>
  </testcase>
  <testcase name="Login with different credentials #4" classname="Login feature" time="11.997">
    <system-out><![CDATA[
@login
Scenario Outline: Login with different credentials            &amp#27;[90m# src/test/resources/login.feature:15&amp#27;[0m
  &amp#27;[32mGiven &amp#27;[0m&amp#27;[32mI open the login page&amp#27;[0m                                 &amp#27;[90m# stepdefinition.LoginStep.i_open_the_login_page()&amp#27;[0m
  &amp#27;[32mWhen &amp#27;[0m&amp#27;[32mI enter username as &amp#27;[0m&amp#27;[32m&amp#27;[1m"anyone"&amp#27;[0m&amp#27;[32m and password as &amp#27;[0m&amp#27;[32m&amp#27;[1m"welcome"&amp#27;[0m &amp#27;[90m# stepdefinition.LoginStep.i_enter_username_as_and_password_as(java.lang.String,java.lang.String)&amp#27;[0m
  &amp#27;[32mAnd &amp#27;[0m&amp#27;[32mI click the login button&amp#27;[0m                                &amp#27;[90m# stepdefinition.LoginStep.i_click_the_login_button()&amp#27;[0m
  &amp#27;[32mThen &amp#27;[0m&amp#27;[32mI should see the Invalid username or password. message&amp#27;[0m &amp#27;[90m# stepdefinition.LoginStep.i_should_see_the_invalid_username_or_password_message()&amp#27;[0m

    Embedding Screenshot [image/png 12533 bytes]

]]></system-out>
    <system-err><![CDATA[Starting ChromeDriver 116.0.5845.96 (1a391816688002153ef791ffe60d9e899a71a037-refs/branch-heads/5845@{#1382}) on port 38703
Only local connections are allowed.
Please see https://chromedriver.chromium.org/security-considerations for suggestions on keeping ChromeDriver safe.
ChromeDriver was started successfully.
Sept 11, 2023 9:56:02 PM org.openqa.selenium.remote.ProtocolHandshake createSession
INFO: Detected dialect: W3C
]]></system-err>
  </testcase>
</testsuite>