<?xml version="1.0" encoding="UTF-8"?>
<testng-results ignored="0" total="2" passed="2" failed="0" skipped="0">
  <reporter-output>
  </reporter-output>
  <suite started-at="2023-10-13T08:27:51Z" name="Suite" finished-at="2023-10-13T08:27:59Z" duration-ms="8152">
    <groups>
    </groups>
    <test started-at="2023-10-13T08:27:51Z" name="Test1" finished-at="2023-10-13T08:27:58Z" duration-ms="7043">
      <class name="testrunner.LoginTestRunner1">
        <test-method is-config="true" signature="Setup()[pri:0, instance:testrunner.LoginTestRunner1@7ce69770]" started-at="2023-10-13T13:57:51Z" name="Setup" finished-at="2023-10-13T13:57:55Z" duration-ms="4168" status="PASS">
          <reporter-output>
          </reporter-output>
        </test-method> <!-- Setup -->
        <test-method signature="loginTest()[pri:0, instance:testrunner.LoginTestRunner1@7ce69770]" started-at="2023-10-13T13:57:55Z" name="loginTest" finished-at="2023-10-13T13:57:57Z" duration-ms="1535" status="PASS">
          <reporter-output>
          </reporter-output>
        </test-method> <!-- loginTest -->
        <test-method is-config="true" signature="tearDown()[pri:0, instance:testrunner.LoginTestRunner1@7ce69770]" started-at="2023-10-13T13:57:57Z" name="tearDown" finished-at="2023-10-13T13:57:58Z" duration-ms="1293" status="PASS">
          <reporter-output>
          </reporter-output>
        </test-method> <!-- tearDown -->
      </class> <!-- testrunner.LoginTestRunner1 -->
    </test> <!-- Test1 -->
    <test started-at="2023-10-13T08:27:51Z" name="Test2" finished-at="2023-10-13T08:27:59Z" duration-ms="8152">
      <class name="testrunner.LoginTestRunner2">
        <test-method is-config="true" signature="Setup()[pri:0, instance:testrunner.LoginTestRunner2@23e84203]" started-at="2023-10-13T13:57:51Z" name="Setup" finished-at="2023-10-13T13:57:57Z" duration-ms="6126" status="PASS">
          <reporter-output>
          </reporter-output>
        </test-method> <!-- Setup -->
        <test-method signature="loginWithInvalidEmailTest()[pri:0, instance:testrunner.LoginTestRunner2@23e84203]" started-at="2023-10-13T13:57:57Z" name="loginWithInvalidEmailTest" finished-at="2023-10-13T13:57:59Z" duration-ms="1499" status="PASS">
          <reporter-output>
          </reporter-output>
        </test-method> <!-- loginWithInvalidEmailTest -->
        <test-method is-config="true" signature="tearDown()[pri:0, instance:testrunner.LoginTestRunner2@23e84203]" started-at="2023-10-13T13:57:59Z" name="tearDown" finished-at="2023-10-13T13:57:59Z" duration-ms="509" status="PASS">
          <reporter-output>
          </reporter-output>
        </test-method> <!-- tearDown -->
      </class> <!-- testrunner.LoginTestRunner2 -->
    </test> <!-- Test2 -->
  </suite> <!-- Suite -->
</testng-results>
